\BOOKMARK [0][-]{label:forside.0}{Forside}{}% 1
\BOOKMARK [0][-]{label:titlepage_da.0}{Danish title page}{}% 2
\BOOKMARK [0][-]{label:indholdsfortegnelse.0}{Indholdsfortegnelse}{}% 3
\BOOKMARK [0][-]{chapter*.2}{Forord}{}% 4
\BOOKMARK [0][-]{chapter.1}{1 Indledning}{}% 5
\BOOKMARK [1][-]{section.1.1}{1.1 Initierende problemstilling}{chapter.1}% 6
\BOOKMARK [0][-]{chapter.2}{2 Problemanalyse}{}% 7
\BOOKMARK [1][-]{section.2.1}{2.1 Hjertets overordnet anatomi og fysiologi}{chapter.2}% 8
\BOOKMARK [2][-]{subsection.2.1.1}{2.1.1 Hjertets blodforsyning}{section.2.1}% 9
\BOOKMARK [2][-]{subsection.2.1.2}{2.1.2 Hjertets cyklus}{section.2.1}% 10
\BOOKMARK [2][-]{subsection.2.1.3}{2.1.3 Hjertets elektriske ledningssystem}{section.2.1}% 11
\BOOKMARK [1][-]{section.2.2}{2.2 Hjerteudredning}{chapter.2}% 12
\BOOKMARK [2][-]{subsection.2.2.1}{2.2.1 Objektiv unders\370gelse}{section.2.2}% 13
\BOOKMARK [2][-]{subsection.2.2.2}{2.2.2 Laboratorieunders\370gelse}{section.2.2}% 14
\BOOKMARK [2][-]{subsection.2.2.3}{2.2.3 Hjemmemonitorering}{section.2.2}% 15
\BOOKMARK [1][-]{section.2.3}{2.3 SCG}{chapter.2}% 16
\BOOKMARK [2][-]{subsection.2.3.1}{2.3.1 SCG-signalet}{section.2.3}% 17
\BOOKMARK [2][-]{subsection.2.3.2}{2.3.2 Anvendelse af SCG}{section.2.3}% 18
\BOOKMARK [2][-]{subsection.2.3.3}{2.3.3 Problemformulering}{section.2.3}% 19
\BOOKMARK [0][-]{chapter*.13}{Bibliografi}{}% 20
\BOOKMARK [0][-]{appendix.A}{A Bilag - test 1}{}% 21
\BOOKMARK [0][-]{appendix.B}{B Bilag - test 2}{}% 22
